# JRE version: Java(TM) SE Runtime Environment (8.0_211-b12) (build 1.8.0_211-b12)
# Java VM: Java HotSpot(TM) 64-Bit Server VM (25.211-b12 mixed mode windows-amd64 compressed oops)
Heap:
 PSYoungGen      total 105472K, used 52500K [0x00000000f5580000, 0x00000000ffd00000, 0x0000000100000000)
  eden space 86528K, 38% used [0x00000000f5580000,0x00000000f764eb60,0x00000000faa00000)
  from space 18944K, 99% used [0x00000000faa00000,0x00000000fbc764e8,0x00000000fbc80000)
  to   space 42496K, 0% used [0x00000000fd380000,0x00000000fd380000,0x00000000ffd00000)
 ParOldGen       total 287232K, used 93001K [0x00000000e0000000, 0x00000000f1880000, 0x00000000f5580000)
  object space 287232K, 32% used [0x00000000e0000000,0x00000000e5ad24e0,0x00000000f1880000)
 Metaspace       used 109957K, capacity 115936K, committed 116544K, reserved 1150976K
  class space    used 14341K, capacity 15567K, committed 15744K, reserved 1048576K
GC Heap History (10 events):
Event: 3729.012 GC heap before
{Heap before GC invocations=25 (full 4):
 PSYoungGen      total 131584K, used 131574K [0x00000000f5580000, 0x0000000100000000, 0x0000000100000000)
  eden space 99840K, 100% used [0x00000000f5580000,0x00000000fb700000,0x00000000fb700000)
  from space 31744K, 99% used [0x00000000fe100000,0x00000000ffffdbc8,0x0000000100000000)
  to   space 37376K, 0% used [0x00000000fb700000,0x00000000fb700000,0x00000000fdb80000)
 ParOldGen       total 287232K, used 61575K [0x00000000e0000000, 0x00000000f1880000, 0x00000000f5580000)
  object space 287232K, 21% used [0x00000000e0000000,0x00000000e3c21e20,0x00000000f1880000)
 Metaspace       used 105844K, capacity 111440K, committed 112576K, reserved 1146880K
  class space    used 13885K, capacity 15041K, committed 15360K, reserved 1048576K
Event: 3729.039 GC heap after
Heap after GC invocations=25 (full 4):
 PSYoungGen      total 128000K, used 27919K [0x00000000f5580000, 0x0000000100000000, 0x0000000100000000)
  eden space 99840K, 0% used [0x00000000f5580000,0x00000000f5580000,0x00000000fb700000)
  from space 28160K, 99% used [0x00000000fb700000,0x00000000fd243e48,0x00000000fd280000)
  to   space 38912K, 0% used [0x00000000fda00000,0x00000000fda00000,0x0000000100000000)
 ParOldGen       total 287232K, used 78117K [0x00000000e0000000, 0x00000000f1880000, 0x00000000f5580000)
  object space 287232K, 27% used [0x00000000e0000000,0x00000000e4c49678,0x00000000f1880000)
 Metaspace       used 105844K, capacity 111440K, committed 112576K, reserved 1146880K
  class space    used 13885K, capacity 15041K, committed 15360K, reserved 1048576K
}
Event: 3731.059 GC heap before
{Heap before GC invocations=26 (full 4):
 PSYoungGen      total 128000K, used 127759K [0x00000000f5580000, 0x0000000100000000, 0x0000000100000000)
  eden space 99840K, 100% used [0x00000000f5580000,0x00000000fb700000,0x00000000fb700000)
  from space 28160K, 99% used [0x00000000fb700000,0x00000000fd243e48,0x00000000fd280000)
  to   space 38912K, 0% used [0x00000000fda00000,0x00000000fda00000,0x0000000100000000)
 ParOldGen       total 287232K, used 78117K [0x00000000e0000000, 0x00000000f1880000, 0x00000000f5580000)
  object space 287232K, 27% used [0x00000000e0000000,0x00000000e4c49678,0x00000000f1880000)
 Metaspace       used 107210K, capacity 112940K, committed 113728K, reserved 1146880K
  class space    used 14019K, capacity 15205K, committed 15488K, reserved 1048576K
Event: 3731.082 GC heap after
Heap after GC invocations=26 (full 4):
 PSYoungGen      total 131584K, used 29738K [0x00000000f5580000, 0x0000000100000000, 0x0000000100000000)
  eden space 92672K, 0% used [0x00000000f5580000,0x00000000f5580000,0x00000000fb000000)
  from space 38912K, 76% used [0x00000000fda00000,0x00000000ff70aa70,0x0000000100000000)
  to   space 40960K, 0% used [0x00000000fb000000,0x00000000fb000000,0x00000000fd800000)
 ParOldGen       total 287232K, used 78125K [0x00000000e0000000, 0x00000000f1880000, 0x00000000f5580000)
  object space 287232K, 27% used [0x00000000e0000000,0x00000000e4c4b678,0x00000000f1880000)
 Metaspace       used 107210K, capacity 112940K, committed 113728K, reserved 1146880K
  class space    used 14019K, capacity 15205K, committed 15488K, reserved 1048576K
}
Event: 3731.818 GC heap before
{Heap before GC invocations=27 (full 4):
 PSYoungGen      total 131584K, used 122410K [0x00000000f5580000, 0x0000000100000000, 0x0000000100000000)
  eden space 92672K, 100% used [0x00000000f5580000,0x00000000fb000000,0x00000000fb000000)
  from space 38912K, 76% used [0x00000000fda00000,0x00000000ff70aa70,0x0000000100000000)
  to   space 40960K, 0% used [0x00000000fb000000,0x00000000fb000000,0x00000000fd800000)
 ParOldGen       total 287232K, used 78125K [0x00000000e0000000, 0x00000000f1880000, 0x00000000f5580000)
  object space 287232K, 27% used [0x00000000e0000000,0x00000000e4c4b678,0x00000000f1880000)
 Metaspace       used 107389K, capacity 113042K, committed 113984K, reserved 1148928K
  class space    used 14031K, capacity 15238K, committed 15488K, reserved 1048576K
Event: 3731.841 GC heap after
Heap after GC invocations=27 (full 4):
 PSYoungGen      total 127488K, used 34328K [0x00000000f5580000, 0x0000000100000000, 0x0000000100000000)
  eden space 92672K, 0% used [0x00000000f5580000,0x00000000f5580000,0x00000000fb000000)
  from space 34816K, 98% used [0x00000000fb000000,0x00000000fd1860a0,0x00000000fd200000)
  to   space 44032K, 0% used [0x00000000fd500000,0x00000000fd500000,0x0000000100000000)
 ParOldGen       total 287232K, used 78133K [0x00000000e0000000, 0x00000000f1880000, 0x00000000f5580000)
  object space 287232K, 27% used [0x00000000e0000000,0x00000000e4c4d678,0x00000000f1880000)
 Metaspace       used 107389K, capacity 113042K, committed 113984K, reserved 1148928K
  class space    used 14031K, capacity 15238K, committed 15488K, reserved 1048576K
}
Event: 3732.805 GC heap before
{Heap before GC invocations=28 (full 4):
 PSYoungGen      total 127488K, used 126991K [0x00000000f5580000, 0x0000000100000000, 0x0000000100000000)
  eden space 92672K, 99% used [0x00000000f5580000,0x00000000faffdca0,0x00000000fb000000)
  from space 34816K, 98% used [0x00000000fb000000,0x00000000fd1860a0,0x00000000fd200000)
  to   space 44032K, 0% used [0x00000000fd500000,0x00000000fd500000,0x0000000100000000)
 ParOldGen       total 287232K, used 78133K [0x00000000e0000000, 0x00000000f1880000, 0x00000000f5580000)
  object space 287232K, 27% used [0x00000000e0000000,0x00000000e4c4d678,0x00000000f1880000)
 Metaspace       used 108138K, capacity 113904K, committed 114496K, reserved 1148928K
  class space    used 14079K, capacity 15293K, committed 15488K, reserved 1048576K
Event: 3732.834 GC heap after
Heap after GC invocations=28 (full 4):
 PSYoungGen      total 130560K, used 27118K [0x00000000f5580000, 0x0000000100000000, 0x0000000100000000)
  eden space 86528K, 0% used [0x00000000f5580000,0x00000000f5580000,0x00000000faa00000)
  from space 44032K, 61% used [0x00000000fd500000,0x00000000fef7ba78,0x0000000100000000)
  to   space 44032K, 0% used [0x00000000faa00000,0x00000000faa00000,0x00000000fd500000)
 ParOldGen       total 287232K, used 82534K [0x00000000e0000000, 0x00000000f1880000, 0x00000000f5580000)
  object space 287232K, 28% used [0x00000000e0000000,0x00000000e50999f8,0x00000000f1880000)
 Metaspace       used 108138K, capacity 113904K, committed 114496K, reserved 1148928K
  class space    used 14079K, capacity 15293K, committed 15488K, reserved 1048576K
}
Event: 3733.123 GC heap before
{Heap before GC invocations=29 (full 4):
 PSYoungGen      total 130560K, used 113646K [0x00000000f5580000, 0x0000000100000000, 0x0000000100000000)
  eden space 86528K, 100% used [0x00000000f5580000,0x00000000faa00000,0x00000000faa00000)
  from space 44032K, 61% used [0x00000000fd500000,0x00000000fef7ba78,0x0000000100000000)
  to   space 44032K, 0% used [0x00000000faa00000,0x00000000faa00000,0x00000000fd500000)
 ParOldGen       total 287232K, used 82534K [0x00000000e0000000, 0x00000000f1880000, 0x00000000f5580000)
  object space 287232K, 28% used [0x00000000e0000000,0x00000000e50999f8,0x00000000f1880000)
 Metaspace       used 109345K, capacity 115250K, committed 115648K, reserved 1148928K
  class space    used 14255K, capacity 15486K, committed 15616K, reserved 1048576K
Event: 3733.158 GC heap after
Heap after GC invocations=29 (full 4):
 PSYoungGen      total 105472K, used 18905K [0x00000000f5580000, 0x00000000ffd00000, 0x0000000100000000)
  eden space 86528K, 0% used [0x00000000f5580000,0x00000000f5580000,0x00000000faa00000)
  from space 18944K, 99% used [0x00000000faa00000,0x00000000fbc764e8,0x00000000fbc80000)
  to   space 42496K, 0% used [0x00000000fd380000,0x00000000fd380000,0x00000000ffd00000)
 ParOldGen       total 287232K, used 93001K [0x00000000e0000000, 0x00000000f1880000, 0x00000000f5580000)
  object space 287232K, 32% used [0x00000000e0000000,0x00000000e5ad24e0,0x00000000f1880000)
 Metaspace       used 109345K, capacity 115250K, committed 115648K, reserved 1148928K
  class space    used 14255K, capacity 15486K, committed 15616K, reserved 1048576K
}

