# JRE version: OpenJDK Runtime Environment (8.0_242-b01) (build 1.8.0_242-release-1644-b01)
# Java VM: OpenJDK 64-Bit Server VM (25.242-b01 mixed mode windows-amd64 compressed oops)
Heap:
 PSYoungGen      total 144384K, used 71801K [0x00000000f5580000, 0x0000000100000000, 0x0000000100000000)
  eden space 128512K, 55% used [0x00000000f5580000,0x00000000f9b9e598,0x00000000fd300000)
  from space 15872K, 0% used [0x00000000ff080000,0x00000000ff080000,0x0000000100000000)
  to   space 23040K, 0% used [0x00000000fd300000,0x00000000fd300000,0x00000000fe980000)
 ParOldGen       total 221184K, used 36202K [0x00000000e0000000, 0x00000000ed800000, 0x00000000f5580000)
  object space 221184K, 16% used [0x00000000e0000000,0x00000000e235abf0,0x00000000ed800000)
 Metaspace       used 60714K, capacity 63544K, committed 63640K, reserved 1103872K
  class space    used 8138K, capacity 8822K, committed 8856K, reserved 1048576K
GC Heap History (10 events):
Event: 11.059 GC heap before
{Heap before GC invocations=11 (full 2):
 PSYoungGen      total 159744K, used 151236K [0x00000000f5580000, 0x0000000100000000, 0x0000000100000000)
  eden space 145920K, 100% used [0x00000000f5580000,0x00000000fe400000,0x00000000fe400000)
  from space 13824K, 38% used [0x00000000ff180000,0x00000000ff6b1050,0x00000000fff00000)
  to   space 13824K, 0% used [0x00000000fe400000,0x00000000fe400000,0x00000000ff180000)
 ParOldGen       total 175104K, used 14304K [0x00000000e0000000, 0x00000000eab00000, 0x00000000f5580000)
  object space 175104K, 8% used [0x00000000e0000000,0x00000000e0df8330,0x00000000eab00000)
 Metaspace       used 35228K, capacity 36288K, committed 36528K, reserved 1081344K
  class space    used 4681K, capacity 4988K, committed 5040K, reserved 1048576K
Event: 11.065 GC heap after
Heap after GC invocations=11 (full 2):
 PSYoungGen      total 159744K, used 9563K [0x00000000f5580000, 0x0000000100000000, 0x0000000100000000)
  eden space 145920K, 0% used [0x00000000f5580000,0x00000000f5580000,0x00000000fe400000)
  from space 13824K, 69% used [0x00000000fe400000,0x00000000fed56e18,0x00000000ff180000)
  to   space 13824K, 0% used [0x00000000ff280000,0x00000000ff280000,0x0000000100000000)
 ParOldGen       total 175104K, used 14304K [0x00000000e0000000, 0x00000000eab00000, 0x00000000f5580000)
  object space 175104K, 8% used [0x00000000e0000000,0x00000000e0df8330,0x00000000eab00000)
 Metaspace       used 35228K, capacity 36288K, committed 36528K, reserved 1081344K
  class space    used 4681K, capacity 4988K, committed 5040K, reserved 1048576K
}
Event: 149.308 GC heap before
{Heap before GC invocations=12 (full 2):
 PSYoungGen      total 159744K, used 155483K [0x00000000f5580000, 0x0000000100000000, 0x0000000100000000)
  eden space 145920K, 100% used [0x00000000f5580000,0x00000000fe400000,0x00000000fe400000)
  from space 13824K, 69% used [0x00000000fe400000,0x00000000fed56e18,0x00000000ff180000)
  to   space 13824K, 0% used [0x00000000ff280000,0x00000000ff280000,0x0000000100000000)
 ParOldGen       total 175104K, used 14304K [0x00000000e0000000, 0x00000000eab00000, 0x00000000f5580000)
  object space 175104K, 8% used [0x00000000e0000000,0x00000000e0df8330,0x00000000eab00000)
 Metaspace       used 40321K, capacity 41934K, committed 42288K, reserved 1085440K
  class space    used 5433K, capacity 5824K, committed 5936K, reserved 1048576K
Event: 149.320 GC heap after
Heap after GC invocations=12 (full 2):
 PSYoungGen      total 154624K, used 12028K [0x00000000f5580000, 0x00000000ffe80000, 0x0000000100000000)
  eden space 142336K, 0% used [0x00000000f5580000,0x00000000f5580000,0x00000000fe080000)
  from space 12288K, 97% used [0x00000000ff280000,0x00000000ffe3f180,0x00000000ffe80000)
  to   space 14336K, 0% used [0x00000000fe280000,0x00000000fe280000,0x00000000ff080000)
 ParOldGen       total 175104K, used 14312K [0x00000000e0000000, 0x00000000eab00000, 0x00000000f5580000)
  object space 175104K, 8% used [0x00000000e0000000,0x00000000e0dfa330,0x00000000eab00000)
 Metaspace       used 40321K, capacity 41934K, committed 42288K, reserved 1085440K
  class space    used 5433K, capacity 5824K, committed 5936K, reserved 1048576K
}
Event: 151.380 GC heap before
{Heap before GC invocations=13 (full 2):
 PSYoungGen      total 154624K, used 154364K [0x00000000f5580000, 0x00000000ffe80000, 0x0000000100000000)
  eden space 142336K, 100% used [0x00000000f5580000,0x00000000fe080000,0x00000000fe080000)
  from space 12288K, 97% used [0x00000000ff280000,0x00000000ffe3f180,0x00000000ffe80000)
  to   space 14336K, 0% used [0x00000000fe280000,0x00000000fe280000,0x00000000ff080000)
 ParOldGen       total 175104K, used 14312K [0x00000000e0000000, 0x00000000eab00000, 0x00000000f5580000)
  object space 175104K, 8% used [0x00000000e0000000,0x00000000e0dfa330,0x00000000eab00000)
 Metaspace       used 50856K, capacity 53154K, committed 53424K, reserved 1095680K
  class space    used 6737K, capacity 7266K, committed 7344K, reserved 1048576K
Event: 151.397 GC heap after
Heap after GC invocations=13 (full 2):
 PSYoungGen      total 158720K, used 14307K [0x00000000f5580000, 0x0000000100000000, 0x0000000100000000)
  eden space 144384K, 0% used [0x00000000f5580000,0x00000000f5580000,0x00000000fe280000)
  from space 14336K, 99% used [0x00000000fe280000,0x00000000ff078d00,0x00000000ff080000)
  to   space 15872K, 0% used [0x00000000ff080000,0x00000000ff080000,0x0000000100000000)
 ParOldGen       total 175104K, used 21627K [0x00000000e0000000, 0x00000000eab00000, 0x00000000f5580000)
  object space 175104K, 12% used [0x00000000e0000000,0x00000000e151ee98,0x00000000eab00000)
 Metaspace       used 50856K, capacity 53154K, committed 53424K, reserved 1095680K
  class space    used 6737K, capacity 7266K, committed 7344K, reserved 1048576K
}
Event: 154.024 GC heap before
{Heap before GC invocations=14 (full 2):
 PSYoungGen      total 158720K, used 112036K [0x00000000f5580000, 0x0000000100000000, 0x0000000100000000)
  eden space 144384K, 67% used [0x00000000f5580000,0x00000000fb4f05c0,0x00000000fe280000)
  from space 14336K, 99% used [0x00000000fe280000,0x00000000ff078d00,0x00000000ff080000)
  to   space 15872K, 0% used [0x00000000ff080000,0x00000000ff080000,0x0000000100000000)
 ParOldGen       total 175104K, used 21627K [0x00000000e0000000, 0x00000000eab00000, 0x00000000f5580000)
  object space 175104K, 12% used [0x00000000e0000000,0x00000000e151ee98,0x00000000eab00000)
 Metaspace       used 56310K, capacity 59050K, committed 59160K, reserved 1099776K
  class space    used 7474K, capacity 8159K, committed 8216K, reserved 1048576K
Event: 154.045 GC heap after
Heap after GC invocations=14 (full 2):
 PSYoungGen      total 144384K, used 15851K [0x00000000f5580000, 0x0000000100000000, 0x0000000100000000)
  eden space 128512K, 0% used [0x00000000f5580000,0x00000000f5580000,0x00000000fd300000)
  from space 15872K, 99% used [0x00000000ff080000,0x00000000ffffafb8,0x0000000100000000)
  to   space 23040K, 0% used [0x00000000fd300000,0x00000000fd300000,0x00000000fe980000)
 ParOldGen       total 175104K, used 30211K [0x00000000e0000000, 0x00000000eab00000, 0x00000000f5580000)
  object space 175104K, 17% used [0x00000000e0000000,0x00000000e1d80fb8,0x00000000eab00000)
 Metaspace       used 56310K, capacity 59050K, committed 59160K, reserved 1099776K
  class space    used 7474K, capacity 8159K, committed 8216K, reserved 1048576K
}
Event: 154.045 GC heap before
{Heap before GC invocations=15 (full 3):
 PSYoungGen      total 144384K, used 15851K [0x00000000f5580000, 0x0000000100000000, 0x0000000100000000)
  eden space 128512K, 0% used [0x00000000f5580000,0x00000000f5580000,0x00000000fd300000)
  from space 15872K, 99% used [0x00000000ff080000,0x00000000ffffafb8,0x0000000100000000)
  to   space 23040K, 0% used [0x00000000fd300000,0x00000000fd300000,0x00000000fe980000)
 ParOldGen       total 175104K, used 30211K [0x00000000e0000000, 0x00000000eab00000, 0x00000000f5580000)
  object space 175104K, 17% used [0x00000000e0000000,0x00000000e1d80fb8,0x00000000eab00000)
 Metaspace       used 56310K, capacity 59050K, committed 59160K, reserved 1099776K
  class space    used 7474K, capacity 8159K, committed 8216K, reserved 1048576K
Event: 154.240 GC heap after
Heap after GC invocations=15 (full 3):
 PSYoungGen      total 144384K, used 0K [0x00000000f5580000, 0x0000000100000000, 0x0000000100000000)
  eden space 128512K, 0% used [0x00000000f5580000,0x00000000f5580000,0x00000000fd300000)
  from space 15872K, 0% used [0x00000000ff080000,0x00000000ff080000,0x0000000100000000)
  to   space 23040K, 0% used [0x00000000fd300000,0x00000000fd300000,0x00000000fe980000)
 ParOldGen       total 221184K, used 36202K [0x00000000e0000000, 0x00000000ed800000, 0x00000000f5580000)
  object space 221184K, 16% used [0x00000000e0000000,0x00000000e235abf0,0x00000000ed800000)
 Metaspace       used 56134K, capacity 58662K, committed 59160K, reserved 1099776K
  class space    used 7428K, capacity 8077K, committed 8216K, reserved 1048576K
}

